<?xml version="1.0" encoding="UTF-8"?>
<testng-results ignored="0" total="1" passed="0" failed="1" skipped="0">
  <reporter-output>
  </reporter-output>
  <suite started-at="2024-09-17T22:54:28 IST" name="Default suite" finished-at="2024-09-17T22:54:50 IST" duration-ms="22462">
    <groups>
      <group name="Regression">
        <method signature="TESTCASE1.LoginApplication()[pri:0, instance:com.selenium.maven.tests.TESTCASE1@50ecde95]" name="LoginApplication" class="com.selenium.maven.tests.TESTCASE1"/>
      </group> <!-- Regression -->
    </groups>
    <test started-at="2024-09-17T22:54:28 IST" name="Default test" finished-at="2024-09-17T22:54:50 IST" duration-ms="22462">
      <class name="com.selenium.maven.tests.TESTCASE1">
        <test-method is-config="true" signature="initiate()[pri:0, instance:com.selenium.maven.tests.TESTCASE1@50ecde95]" started-at="2024-09-17T22:54:28 IST" name="initiate" finished-at="2024-09-17T22:54:33 IST" duration-ms="5355" status="PASS">
          <reporter-output>
          </reporter-output>
        </test-method> <!-- initiate -->
        <test-method signature="LoginApplication()[pri:0, instance:com.selenium.maven.tests.TESTCASE1@50ecde95]" started-at="2024-09-17T22:54:33 IST" name="LoginApplication" description="Verify home page title." finished-at="2024-09-17T22:54:50 IST" duration-ms="16580" status="FAIL">
          <exception class="java.lang.AssertionError">
            <message>
              <![CDATA[expected [By.xpath: //*[@id='checkou'] Element Not Click] but found [Element Click]]]>
            </message>
            <full-stacktrace>
              <![CDATA[java.lang.AssertionError: expected [By.xpath: //*[@id='checkou'] Element Not Click] but found [Element Click]
at org.testng.Assert.fail(Assert.java:99)
at org.testng.Assert.failNotEquals(Assert.java:1037)
at org.testng.Assert.assertEqualsImpl(Assert.java:140)
at org.testng.Assert.assertEquals(Assert.java:122)
at org.testng.Assert.assertEquals(Assert.java:629)
at org.testng.Assert.assertEquals(Assert.java:639)
at com.selenium.maven.base.CommonFunctions.clickElement(CommonFunctions.java:46)
at com.selenium.maven.pages.Homepages.AddItem(Homepages.java:37)
at com.selenium.maven.tests.TESTCASE1.LoginApplication(TESTCASE1.java:37)
at java.base/jdk.internal.reflect.NativeMethodAccessorImpl.invoke0(Native Method)
at java.base/jdk.internal.reflect.NativeMethodAccessorImpl.invoke(NativeMethodAccessorImpl.java:77)
at java.base/jdk.internal.reflect.DelegatingMethodAccessorImpl.invoke(DelegatingMethodAccessorImpl.java:43)
at java.base/java.lang.reflect.Method.invoke(Method.java:568)
at org.testng.internal.MethodInvocationHelper.invokeMethod(MethodInvocationHelper.java:133)
at org.testng.internal.TestInvoker.invokeMethod(TestInvoker.java:598)
at org.testng.internal.TestInvoker.invokeTestMethod(TestInvoker.java:173)
at org.testng.internal.MethodRunner.runInSequence(MethodRunner.java:46)
at org.testng.internal.TestInvoker$MethodInvocationAgent.invoke(TestInvoker.java:824)
at org.testng.internal.TestInvoker.invokeTestMethods(TestInvoker.java:146)
at org.testng.internal.TestMethodWorker.invokeTestMethods(TestMethodWorker.java:146)
at org.testng.internal.TestMethodWorker.run(TestMethodWorker.java:128)
at java.base/java.util.ArrayList.forEach(ArrayList.java:1511)
at org.testng.TestRunner.privateRun(TestRunner.java:794)
at org.testng.TestRunner.run(TestRunner.java:596)
at org.testng.SuiteRunner.runTest(SuiteRunner.java:377)
at org.testng.SuiteRunner.runSequentially(SuiteRunner.java:371)
at org.testng.SuiteRunner.privateRun(SuiteRunner.java:332)
at org.testng.SuiteRunner.run(SuiteRunner.java:276)
at org.testng.SuiteRunnerWorker.runSuite(SuiteRunnerWorker.java:53)
at org.testng.SuiteRunnerWorker.run(SuiteRunnerWorker.java:96)
at org.testng.TestNG.runSuitesSequentially(TestNG.java:1212)
at org.testng.TestNG.runSuitesLocally(TestNG.java:1134)
at org.testng.TestNG.runSuites(TestNG.java:1063)
at org.testng.TestNG.run(TestNG.java:1031)
at org.testng.remote.AbstractRemoteTestNG.run(AbstractRemoteTestNG.java:115)
at org.testng.remote.RemoteTestNG.initAndRun(RemoteTestNG.java:251)
at org.testng.remote.RemoteTestNG.main(RemoteTestNG.java:77)
]]>
            </full-stacktrace>
          </exception> <!-- java.lang.AssertionError -->
          <reporter-output>
          </reporter-output>
        </test-method> <!-- LoginApplication -->
        <test-method is-config="true" signature="endSession()[pri:0, instance:com.selenium.maven.tests.TESTCASE1@50ecde95]" started-at="2024-09-17T22:54:50 IST" name="endSession" finished-at="2024-09-17T22:54:50 IST" duration-ms="350" status="PASS">
          <reporter-output>
          </reporter-output>
        </test-method> <!-- endSession -->
      </class> <!-- com.selenium.maven.tests.TESTCASE1 -->
    </test> <!-- Default test -->
  </suite> <!-- Default suite -->
</testng-results>
